Release 14.7 Map P.20131013 (nt64)
Xilinx Mapping Report File for Design 'final_v1'

Design Information
------------------
Command Line   : map -intstyle ise -p xc3s100e-cp132-4 -cm area -ir off -pr off
-c 100 -o final_v1_map.ncd final_v1.ngd final_v1.pcf 
Target Device  : xc3s100e
Target Package : cp132
Target Speed   : -4
Mapper Version : spartan3e -- $Revision: 1.55 $
Mapped Date    : Wed Dec 12 22:33:16 2018

Design Summary
--------------
Number of errors:      0
Number of warnings:    5
Logic Utilization:
  Number of Slice Flip Flops:           898 out of   1,920   46%
  Number of 4 input LUTs:             1,190 out of   1,920   61%
Logic Distribution:
  Number of occupied Slices:            958 out of     960   99%
    Number of Slices containing only related logic:     958 out of     958 100%
    Number of Slices containing unrelated logic:          0 out of     958   0%
      *See NOTES below for an explanation of the effects of unrelated logic.
  Total Number of 4 input LUTs:       1,355 out of   1,920   70%
    Number used as logic:             1,190
    Number used as a route-thru:        165

  The Slice Logic Distribution report is not meaningful if the design is
  over-mapped for a non-slice resource or if Placement fails.

  Number of bonded IOBs:                 46 out of      83   55%
  Number of BUFGMUXs:                     4 out of      24   16%

  Number of RPM macros:           20
Average Fanout of Non-Clock Nets:                2.80

Peak Memory Usage:  4438 MB
Total REAL time to MAP completion:  6 secs 
Total CPU time to MAP completion:   6 secs 

NOTES:

   Related logic is defined as being logic that shares connectivity - e.g. two
   LUTs are "related" if they share common inputs.  When assembling slices,
   Map gives priority to combine logic that is related.  Doing so results in
   the best timing performance.

   Unrelated logic shares no connectivity.  Map will only begin packing
   unrelated logic into a slice once 99% of the slices are occupied through
   related logic packing.

   Note that once logic distribution reaches the 99% level through related
   logic packing, this does not mean the device is completely utilized.
   Unrelated logic packing will then begin, continuing until all usable LUTs
   and FFs are occupied.  Depending on your timing budget, increased levels of
   unrelated logic packing may adversely affect the overall timing performance
   of your design.

Table of Contents
-----------------
Section 1 - Errors
Section 2 - Warnings
Section 3 - Informational
Section 4 - Removed Logic Summary
Section 5 - Removed Logic
Section 6 - IOB Properties
Section 7 - RPMs
Section 8 - Guide Report
Section 9 - Area Group and Partition Summary
Section 10 - Timing Report
Section 11 - Configuration String Information
Section 12 - Control Set Information
Section 13 - Utilization by Hierarchy

Section 1 - Errors
------------------

Section 2 - Warnings
--------------------
WARNING:Pack:249 - The following adjacent carry multiplexers occupy different
   slice components.  The resulting carry chain will have suboptimal timing.
   	XLXI_2/XLXI_18/Mcompar_cnt10k_cmp_ge0000_cy<10>
   	XLXI_2/XLXI_18/Mcount_cnt10k_cy<0>
WARNING:Pack:249 - The following adjacent carry multiplexers occupy different
   slice components.  The resulting carry chain will have suboptimal timing.
   	XLXI_2/XLXI_18/Mcompar_cnt1_cmp_ge0000_cy<12>
   	XLXI_2/XLXI_18/Mcount_cnt1_cy<0>
WARNING:Pack:249 - The following adjacent carry multiplexers occupy different
   slice components.  The resulting carry chain will have suboptimal timing.
   	XLXI_2/XLXI_18/Mcompar_cnt1M_cmp_ge0000_cy<10>
   	XLXI_2/XLXI_18/Mcount_cnt1M_cy<0>
WARNING:PhysDesignRules:372 - Gated clock. Clock net XLXI_2/XLXN_139 is sourced
   by a combinatorial pin. This is not good design practice. Use the CE pin to
   control the loading of data into the flip-flop.
WARNING:PhysDesignRules:372 - Gated clock. Clock net XLXI_3/XLXI_5/rowON is
   sourced by a combinatorial pin. This is not good design practice. Use the CE
   pin to control the loading of data into the flip-flop.

Section 3 - Informational
-------------------------
INFO:LIT:243 - Logical network XLXI_12/XLXI_1/XLXI_10/OFL has no load.
INFO:LIT:395 - The above info message is repeated 57 more times for the
   following (max. 5 shown):
   XLXI_11/XLXI_8/XLXI_9/Q<0>,
   XLXI_11/XLXI_8/XLXI_9/Q<1>,
   XLXI_11/XLXI_8/XLXI_9/Q<2>,
   XLXI_11/XLXI_8/XLXI_9/Q<3>,
   XLXI_11/XLXI_8/XLXI_9/Q<4>
   To see the details of these info messages, please use the -detail switch.
INFO:MapLib:562 - No environment variables are currently set.
INFO:LIT:244 - All of the single ended outputs in this design are using slew
   rate limited output drivers. The delay on speed critical single ended outputs
   can be dramatically reduced by designating them as fast outputs.

Section 4 - Removed Logic Summary
---------------------------------
 145 block(s) removed
  25 block(s) optimized away
 139 signal(s) removed

Section 5 - Removed Logic
-------------------------

The trimmed logic report below shows the logic removed from your design due to
sourceless or loadless signals, and VCC or ground connections.  If the removal
of a signal or symbol results in the subsequent removal of an additional signal
or symbol, the message explaining that second removal will be indented.  This
indentation will be repeated as a chain of related logic is removed.

To quickly locate the original cause for the removal of a chain of logic, look
above the place where that logic is listed in the trimming report, then locate
the lines that are least indented (begin at the leftmost edge).

Loadless block "XLXI_11/XLXI_9/XLXI_49/XLXI_3/XLXI_10" (AND) removed.
 The signal "XLXI_11/XLXI_9/XLXI_49/XLXN_10" is loadless and has been removed.
  Loadless block "XLXI_11/XLXI_9/XLXI_49/XLXI_2/XLXI_17/I_36_142" (AND) removed.
   The signal "XLXI_11/XLXI_9/XLXI_49/XLXI_2/XLXI_17/S0" is loadless and has been
removed.
    Loadless block "XLXI_11/XLXI_9/XLXI_49/XLXI_2/XLXI_17/I_36_110" (AND) removed.
   The signal "XLXI_11/XLXI_9/XLXI_49/XLXI_2/XLXI_17/S1" is loadless and has been
removed.
    Loadless block "XLXI_11/XLXI_9/XLXI_49/XLXI_2/XLXI_17/I_36_127" (AND) removed.
Loadless block "XLXI_11/XLXI_9/XLXI_49/XLXI_3/XLXI_28" (AND) removed.
 The signal "XLXI_11/XLXI_9/XLXI_49/XLXN_11" is loadless and has been removed.
  Loadless block "XLXI_11/XLXI_9/XLXI_49/XLXI_2/XLXI_34/I_36_142" (AND) removed.
   The signal "XLXI_11/XLXI_9/XLXI_49/XLXI_2/XLXI_34/S0" is loadless and has been
removed.
    Loadless block "XLXI_11/XLXI_9/XLXI_49/XLXI_2/XLXI_34/I_36_110" (AND) removed.
   The signal "XLXI_11/XLXI_9/XLXI_49/XLXI_2/XLXI_34/S1" is loadless and has been
removed.
    Loadless block "XLXI_11/XLXI_9/XLXI_49/XLXI_2/XLXI_34/I_36_127" (AND) removed.
Loadless block "XLXI_11/XLXI_9/XLXI_49/XLXI_3/XLXI_3" (OR) removed.
Loadless block "XLXI_11/XLXI_9/XLXI_49/XLXI_3/XLXI_6" (AND) removed.
 The signal "XLXI_11/XLXI_9/XLXI_49/XLXN_9" is loadless and has been removed.
  Loadless block "XLXI_11/XLXI_9/XLXI_49/XLXI_2/XLXI_18/I_36_142" (AND) removed.
   The signal "XLXI_11/XLXI_9/XLXI_49/XLXI_2/XLXI_18/S0" is loadless and has been
removed.
    Loadless block "XLXI_11/XLXI_9/XLXI_49/XLXI_2/XLXI_18/I_36_110" (AND) removed.
   The signal "XLXI_11/XLXI_9/XLXI_49/XLXI_2/XLXI_18/S1" is loadless and has been
removed.
    Loadless block "XLXI_11/XLXI_9/XLXI_49/XLXI_2/XLXI_18/I_36_127" (AND) removed.
Loadless block "XLXI_11/XLXI_9/XLXI_49/XLXI_3/XLXI_9" (AND) removed.
 The signal "XLXI_11/XLXI_9/XLXI_49/XLXN_15" is loadless and has been removed.
  Loadless block "XLXI_11/XLXI_9/XLXI_49/XLXI_2/XLXI_31/I_36_142" (AND) removed.
   The signal "XLXI_11/XLXI_9/XLXI_49/XLXI_2/XLXI_31/S0" is loadless and has been
removed.
    Loadless block "XLXI_11/XLXI_9/XLXI_49/XLXI_2/XLXI_31/I_36_110" (AND) removed.
   The signal "XLXI_11/XLXI_9/XLXI_49/XLXI_2/XLXI_31/S1" is loadless and has been
removed.
    Loadless block "XLXI_11/XLXI_9/XLXI_49/XLXI_2/XLXI_31/I_36_127" (AND) removed.
Loadless block "XLXI_12/XLXI_11" (AND) removed.
 The signal "XLXI_12/XLXN_26" is loadless and has been removed.
  Loadless block "XLXI_12/XLXI_2/I_36_221" (XOR) removed.
   The signal "XLXI_12/XLXI_2/CO" is loadless and has been removed.
    Loadless block "XLXI_12/XLXI_2/I_36_64" (MUX) removed.
Loadless block "XLXI_12/XLXI_6" (AND) removed.
The signal "XLXI_11/XLXI_9/XLXI_49/XLXI_2/XLXI_10/O_DUMMY" is sourceless and has
been removed.
The signal "XLXI_11/XLXI_9/XLXI_49/XLXI_2/XLXI_10/S0" is sourceless and has been
removed.
 Sourceless block "XLXI_11/XLXI_9/XLXI_49/XLXI_2/XLXI_10/I_36_142" (AND) removed.
The signal "XLXI_11/XLXI_9/XLXI_49/XLXI_2/XLXI_10/S1" is sourceless and has been
removed.
The signal "XLXI_11/XLXI_9/XLXI_49/XLXI_2/XLXI_10/dummy" is sourceless and has
been removed.
The signal "XLXI_11/XLXI_9/XLXI_49/XLXI_2/XLXI_14/dummy" is sourceless and has
been removed.
The signal "XLXI_11/XLXI_9/XLXI_49/XLXI_2/XLXI_17/dummy" is sourceless and has
been removed.
The signal "XLXI_11/XLXI_9/XLXI_49/XLXI_2/XLXI_18/dummy" is sourceless and has
been removed.
The signal "XLXI_11/XLXI_9/XLXI_49/XLXI_2/XLXI_31/dummy" is sourceless and has
been removed.
The signal "XLXI_11/XLXI_9/XLXI_49/XLXI_2/XLXI_32/dummy" is sourceless and has
been removed.
The signal "XLXI_11/XLXI_9/XLXI_49/XLXI_2/XLXI_33/dummy" is sourceless and has
been removed.
The signal "XLXI_11/XLXI_9/XLXI_49/XLXI_2/XLXI_34/dummy" is sourceless and has
been removed.
The signal "XLXI_11/XLXI_9/XLXI_49/XLXI_2/XLXI_55/dummy" is sourceless and has
been removed.
The signal "XLXI_11/XLXI_9/XLXI_49/XLXI_2/XLXI_56/dummy" is sourceless and has
been removed.
The signal "XLXI_11/XLXI_9/XLXI_49/XLXI_2/XLXI_57/dummy" is sourceless and has
been removed.
The signal "XLXI_11/XLXI_9/XLXI_49/XLXI_2/XLXI_58/dummy" is sourceless and has
been removed.
The signal "XLXI_11/XLXI_9/XLXI_49/XLXI_2/XLXI_59/dummy" is sourceless and has
been removed.
The signal "XLXI_11/XLXI_9/XLXI_49/XLXI_2/XLXI_60/dummy" is sourceless and has
been removed.
The signal "XLXI_11/XLXI_9/XLXI_49/XLXI_2/XLXI_61/dummy" is sourceless and has
been removed.
The signal "XLXI_11/XLXI_9/XLXI_49/XLXI_2/XLXI_62/dummy" is sourceless and has
been removed.
The signal "XLXI_12/XLXI_1/XLXI_10/CO" is sourceless and has been removed.
 Sourceless block "XLXI_12/XLXI_1/XLXI_10/I_36_239" (XOR) removed.
  The signal "XLXI_12/XLXI_1/XLXI_10/OFL" is sourceless and has been removed.
The signal "XLXI_12/XLXI_1/XLXI_10/dummy" is sourceless and has been removed.
The signal "XLXI_12/XLXI_8/O_DUMMY" is sourceless and has been removed.
The signal "XLXI_12/XLXI_8/S0" is sourceless and has been removed.
 Sourceless block "XLXI_12/XLXI_8/I_36_140" (OR) removed.
The signal "XLXI_12/XLXI_8/S1" is sourceless and has been removed.
The signal "XLXI_12/XLXI_8/dummy" is sourceless and has been removed.
The signal "XLXI_12/XLXI_2/dummy" is sourceless and has been removed.
The signal "XLXI_11/XLXI_8/XLXI_9/Q<0>" is sourceless and has been removed.
The signal "XLXI_11/XLXI_8/XLXI_9/Q<1>" is sourceless and has been removed.
The signal "XLXI_11/XLXI_8/XLXI_9/Q<2>" is sourceless and has been removed.
The signal "XLXI_11/XLXI_8/XLXI_9/Q<3>" is sourceless and has been removed.
The signal "XLXI_11/XLXI_8/XLXI_9/Q<4>" is sourceless and has been removed.
The signal "XLXI_11/XLXI_8/XLXI_9/Q<5>" is sourceless and has been removed.
The signal "XLXI_11/XLXI_8/XLXI_9/Q<6>" is sourceless and has been removed.
The signal "XLXI_11/XLXI_8/XLXI_9/Q<7>" is sourceless and has been removed.
The signal "XLXI_11/XLXI_8/XLXI_36/Q<0>" is sourceless and has been removed.
The signal "XLXI_11/XLXI_8/XLXI_36/Q<1>" is sourceless and has been removed.
The signal "XLXI_11/XLXI_8/XLXI_36/Q<2>" is sourceless and has been removed.
The signal "XLXI_11/XLXI_8/XLXI_36/Q<3>" is sourceless and has been removed.
The signal "XLXI_11/XLXI_8/XLXI_36/Q<4>" is sourceless and has been removed.
The signal "XLXI_11/XLXI_8/XLXI_36/Q<5>" is sourceless and has been removed.
The signal "XLXI_11/XLXI_8/XLXI_36/Q<6>" is sourceless and has been removed.
The signal "XLXI_11/XLXI_8/XLXI_36/Q<7>" is sourceless and has been removed.
The signal "XLXI_11/XLXI_8/XLXI_38/Q<0>" is sourceless and has been removed.
The signal "XLXI_11/XLXI_8/XLXI_38/Q<1>" is sourceless and has been removed.
The signal "XLXI_11/XLXI_8/XLXI_38/Q<2>" is sourceless and has been removed.
The signal "XLXI_11/XLXI_8/XLXI_38/Q<3>" is sourceless and has been removed.
The signal "XLXI_11/XLXI_8/XLXI_38/Q<4>" is sourceless and has been removed.
The signal "XLXI_11/XLXI_8/XLXI_38/Q<5>" is sourceless and has been removed.
The signal "XLXI_11/XLXI_8/XLXI_38/Q<6>" is sourceless and has been removed.
The signal "XLXI_11/XLXI_8/XLXI_38/Q<7>" is sourceless and has been removed.
The signal "XLXI_11/XLXI_8/XLXI_40/XLXI_30/Q<0>" is sourceless and has been
removed.
The signal "XLXI_11/XLXI_8/XLXI_40/XLXI_30/Q<1>" is sourceless and has been
removed.
The signal "XLXI_11/XLXI_8/XLXI_40/XLXI_30/Q<2>" is sourceless and has been
removed.
The signal "XLXI_11/XLXI_8/XLXI_40/XLXI_30/Q<3>" is sourceless and has been
removed.
The signal "XLXI_11/XLXI_8/XLXI_40/XLXI_30/Q<4>" is sourceless and has been
removed.
The signal "XLXI_11/XLXI_8/XLXI_40/XLXI_30/Q<5>" is sourceless and has been
removed.
The signal "XLXI_11/XLXI_8/XLXI_40/XLXI_30/Q<6>" is sourceless and has been
removed.
The signal "XLXI_11/XLXI_8/XLXI_40/XLXI_30/Q<7>" is sourceless and has been
removed.
The signal "XLXI_11/XLXI_8/XLXI_40/XLXI_31/Q<0>" is sourceless and has been
removed.
The signal "XLXI_11/XLXI_8/XLXI_40/XLXI_31/Q<1>" is sourceless and has been
removed.
The signal "XLXI_11/XLXI_8/XLXI_40/XLXI_31/Q<2>" is sourceless and has been
removed.
The signal "XLXI_11/XLXI_8/XLXI_40/XLXI_31/Q<3>" is sourceless and has been
removed.
The signal "XLXI_11/XLXI_8/XLXI_40/XLXI_31/Q<4>" is sourceless and has been
removed.
The signal "XLXI_11/XLXI_8/XLXI_40/XLXI_31/Q<5>" is sourceless and has been
removed.
The signal "XLXI_11/XLXI_8/XLXI_40/XLXI_31/Q<6>" is sourceless and has been
removed.
The signal "XLXI_11/XLXI_8/XLXI_40/XLXI_31/Q<7>" is sourceless and has been
removed.
The signal "XLXI_11/XLXI_8/XLXI_40/XLXI_32/Q<0>" is sourceless and has been
removed.
The signal "XLXI_11/XLXI_8/XLXI_40/XLXI_32/Q<1>" is sourceless and has been
removed.
The signal "XLXI_11/XLXI_8/XLXI_40/XLXI_32/Q<2>" is sourceless and has been
removed.
The signal "XLXI_11/XLXI_8/XLXI_40/XLXI_32/Q<3>" is sourceless and has been
removed.
The signal "XLXI_11/XLXI_8/XLXI_40/XLXI_32/Q<4>" is sourceless and has been
removed.
The signal "XLXI_11/XLXI_8/XLXI_40/XLXI_32/Q<5>" is sourceless and has been
removed.
The signal "XLXI_11/XLXI_8/XLXI_40/XLXI_32/Q<6>" is sourceless and has been
removed.
The signal "XLXI_11/XLXI_8/XLXI_40/XLXI_32/Q<7>" is sourceless and has been
removed.
The signal "XLXI_11/XLXI_8/XLXI_40/XLXI_35/Q<0>" is sourceless and has been
removed.
The signal "XLXI_11/XLXI_8/XLXI_40/XLXI_35/Q<1>" is sourceless and has been
removed.
The signal "XLXI_11/XLXI_8/XLXI_40/XLXI_35/Q<2>" is sourceless and has been
removed.
The signal "XLXI_11/XLXI_8/XLXI_40/XLXI_35/Q<3>" is sourceless and has been
removed.
The signal "XLXI_11/XLXI_8/XLXI_40/XLXI_35/Q<4>" is sourceless and has been
removed.
The signal "XLXI_11/XLXI_8/XLXI_40/XLXI_35/Q<5>" is sourceless and has been
removed.
The signal "XLXI_11/XLXI_8/XLXI_40/XLXI_35/Q<6>" is sourceless and has been
removed.
The signal "XLXI_11/XLXI_8/XLXI_40/XLXI_35/Q<7>" is sourceless and has been
removed.
The signal "XLXI_2/XLXI_1/CEO" is sourceless and has been removed.
The signal "XLXI_2/XLXI_1/Q<5>" is sourceless and has been removed.
 Sourceless block "XLXI_2/XLXI_1/I_36_31" (AND) removed.
  The signal "XLXI_2/XLXI_1/TC_UP" is sourceless and has been removed.
   Sourceless block "XLXI_2/XLXI_1/I_TC/I_36_9" (AND) removed.
    The signal "XLXI_2/XLXI_1/I_TC/M1" is sourceless and has been removed.
     Sourceless block "XLXI_2/XLXI_1/I_TC/I_36_8" (OR) removed.
      The signal "XLXI_2/XLXI_1/TC" is sourceless and has been removed.
       Sourceless block "XLXI_2/XLXI_1/I_36_63" (AND) removed.
 Sourceless block "XLXI_2/XLXI_1/I_36_33" (AND) removed.
  The signal "XLXI_2/XLXI_1/T7_UP" is sourceless and has been removed.
   Sourceless block "XLXI_2/XLXI_1/I_T7/I_36_9" (AND) removed.
    The signal "XLXI_2/XLXI_1/I_T7/M1" is sourceless and has been removed.
     Sourceless block "XLXI_2/XLXI_1/I_T7/I_36_8" (OR) removed.
      The signal "XLXI_2/XLXI_1/T7" is sourceless and has been removed.
       Sourceless block "XLXI_2/XLXI_1/I_Q7/I_36_32" (XOR) removed.
        The signal "XLXI_2/XLXI_1/I_Q7/TQ" is sourceless and has been removed.
         Sourceless block "XLXI_2/XLXI_1/I_Q7/I_36_30/I_36_7" (AND) removed.
          The signal "XLXI_2/XLXI_1/I_Q7/I_36_30/M0" is sourceless and has been removed.
           Sourceless block "XLXI_2/XLXI_1/I_Q7/I_36_30/I_36_8" (OR) removed.
            The signal "XLXI_2/XLXI_1/I_Q7/MD" is sourceless and has been removed.
             Sourceless block "XLXI_2/XLXI_1/I_Q7/I_36_35" (FF) removed.
              The signal "XLXI_2/XLXI_1/Q<7>" is sourceless and has been removed.
               Sourceless block "XLXI_2/XLXI_1/I_36_55" (AND) removed.
                The signal "XLXI_2/XLXI_1/TC_DN" is sourceless and has been removed.
                 Sourceless block "XLXI_2/XLXI_1/I_TC/I_36_7" (AND) removed.
                  The signal "XLXI_2/XLXI_1/I_TC/M0" is sourceless and has been removed.
 Sourceless block "XLXI_2/XLXI_1/I_36_34" (AND) removed.
  The signal "XLXI_2/XLXI_1/T7_DN" is sourceless and has been removed.
   Sourceless block "XLXI_2/XLXI_1/I_T7/I_36_7" (AND) removed.
    The signal "XLXI_2/XLXI_1/I_T7/M0" is sourceless and has been removed.
 Sourceless block "XLXI_2/XLXI_1/I_36_41" (AND) removed.
  The signal "XLXI_2/XLXI_1/T6_UP" is sourceless and has been removed.
   Sourceless block "XLXI_2/XLXI_1/I_T6/I_36_9" (AND) removed.
    The signal "XLXI_2/XLXI_1/I_T6/M1" is sourceless and has been removed.
     Sourceless block "XLXI_2/XLXI_1/I_T6/I_36_8" (OR) removed.
      The signal "XLXI_2/XLXI_1/T6" is sourceless and has been removed.
       Sourceless block "XLXI_2/XLXI_1/I_Q6/I_36_32" (XOR) removed.
        The signal "XLXI_2/XLXI_1/I_Q6/TQ" is sourceless and has been removed.
         Sourceless block "XLXI_2/XLXI_1/I_Q6/I_36_30/I_36_7" (AND) removed.
          The signal "XLXI_2/XLXI_1/I_Q6/I_36_30/M0" is sourceless and has been removed.
           Sourceless block "XLXI_2/XLXI_1/I_Q6/I_36_30/I_36_8" (OR) removed.
            The signal "XLXI_2/XLXI_1/I_Q6/MD" is sourceless and has been removed.
             Sourceless block "XLXI_2/XLXI_1/I_Q6/I_36_35" (FF) removed.
              The signal "XLXI_2/XLXI_1/Q<6>" is sourceless and has been removed.
 Sourceless block "XLXI_2/XLXI_1/I_36_42" (AND) removed.
  The signal "XLXI_2/XLXI_1/T6_DN" is sourceless and has been removed.
   Sourceless block "XLXI_2/XLXI_1/I_T6/I_36_7" (AND) removed.
    The signal "XLXI_2/XLXI_1/I_T6/M0" is sourceless and has been removed.
 Sourceless block "XLXI_2/XLXI_1/I_Q5/I_36_32" (XOR) removed.
  The signal "XLXI_2/XLXI_1/I_Q5/TQ" is sourceless and has been removed.
   Sourceless block "XLXI_2/XLXI_1/I_Q5/I_36_30/I_36_7" (AND) removed.
    The signal "XLXI_2/XLXI_1/I_Q5/I_36_30/M0" is sourceless and has been removed.
     Sourceless block "XLXI_2/XLXI_1/I_Q5/I_36_30/I_36_8" (OR) removed.
      The signal "XLXI_2/XLXI_1/I_Q5/MD" is sourceless and has been removed.
       Sourceless block "XLXI_2/XLXI_1/I_Q5/I_36_35" (FF) removed.
The signal "XLXI_2/XLXI_1/T2_DN" is sourceless and has been removed.
The signal "XLXI_2/XLXI_1/T3_DN" is sourceless and has been removed.
The signal "XLXI_2/XLXI_1/T4_DN" is sourceless and has been removed.
The signal "XLXI_2/XLXI_1/T5" is sourceless and has been removed.
The signal "XLXI_2/XLXI_1/T5_DN" is sourceless and has been removed.
 Sourceless block "XLXI_2/XLXI_1/I_T5/I_36_7" (AND) removed.
  The signal "XLXI_2/XLXI_1/I_T5/M0" is sourceless and has been removed.
   Sourceless block "XLXI_2/XLXI_1/I_T5/I_36_8" (OR) removed.
The signal "XLXI_2/XLXI_1/T5_UP" is sourceless and has been removed.
 Sourceless block "XLXI_2/XLXI_1/I_T5/I_36_9" (AND) removed.
  The signal "XLXI_2/XLXI_1/I_T5/M1" is sourceless and has been removed.
The signal "XLXI_2/XLXI_1/I_Q7/I_36_30/M1" is sourceless and has been removed.
The signal "XLXI_2/XLXI_1/I_Q6/I_36_30/M1" is sourceless and has been removed.
The signal "XLXI_2/XLXI_1/I_Q5/I_36_30/M1" is sourceless and has been removed.

The trimmed logic reported below is either:
   1. part of a cycle
   2. part of disabled logic
   3. a side-effect of other trimmed logic

The signal "XLXI_11/XLXI_8/CE" is unused and has been removed.
The signal "XLXI_11/XLXI_8/XLXI_40/CE" is unused and has been removed.
 Unused block "XLXI_11/XLXI_8/XLXI_40/XLXI_43" (PULLUP) removed.
The signal "XLXI_2/XLXI_18/RST_inv" is unused and has been removed.
Unused block "XLXI_11/XLXI_8/XLXI_36/I_Q0" (SFF) removed.
Unused block "XLXI_11/XLXI_8/XLXI_36/I_Q1" (SFF) removed.
Unused block "XLXI_11/XLXI_8/XLXI_36/I_Q2" (SFF) removed.
Unused block "XLXI_11/XLXI_8/XLXI_36/I_Q3" (SFF) removed.
Unused block "XLXI_11/XLXI_8/XLXI_36/I_Q4" (SFF) removed.
Unused block "XLXI_11/XLXI_8/XLXI_36/I_Q5" (SFF) removed.
Unused block "XLXI_11/XLXI_8/XLXI_36/I_Q6" (SFF) removed.
Unused block "XLXI_11/XLXI_8/XLXI_36/I_Q7" (SFF) removed.
Unused block "XLXI_11/XLXI_8/XLXI_38/I_Q0" (SFF) removed.
Unused block "XLXI_11/XLXI_8/XLXI_38/I_Q1" (SFF) removed.
Unused block "XLXI_11/XLXI_8/XLXI_38/I_Q2" (SFF) removed.
Unused block "XLXI_11/XLXI_8/XLXI_38/I_Q3" (SFF) removed.
Unused block "XLXI_11/XLXI_8/XLXI_38/I_Q4" (SFF) removed.
Unused block "XLXI_11/XLXI_8/XLXI_38/I_Q5" (SFF) removed.
Unused block "XLXI_11/XLXI_8/XLXI_38/I_Q6" (SFF) removed.
Unused block "XLXI_11/XLXI_8/XLXI_38/I_Q7" (SFF) removed.
Unused block "XLXI_11/XLXI_8/XLXI_40/XLXI_30/I_Q0" (SFF) removed.
Unused block "XLXI_11/XLXI_8/XLXI_40/XLXI_30/I_Q1" (SFF) removed.
Unused block "XLXI_11/XLXI_8/XLXI_40/XLXI_30/I_Q2" (SFF) removed.
Unused block "XLXI_11/XLXI_8/XLXI_40/XLXI_30/I_Q3" (SFF) removed.
Unused block "XLXI_11/XLXI_8/XLXI_40/XLXI_30/I_Q4" (SFF) removed.
Unused block "XLXI_11/XLXI_8/XLXI_40/XLXI_30/I_Q5" (SFF) removed.
Unused block "XLXI_11/XLXI_8/XLXI_40/XLXI_30/I_Q6" (SFF) removed.
Unused block "XLXI_11/XLXI_8/XLXI_40/XLXI_30/I_Q7" (SFF) removed.
Unused block "XLXI_11/XLXI_8/XLXI_40/XLXI_31/I_Q0" (SFF) removed.
Unused block "XLXI_11/XLXI_8/XLXI_40/XLXI_31/I_Q1" (SFF) removed.
Unused block "XLXI_11/XLXI_8/XLXI_40/XLXI_31/I_Q2" (SFF) removed.
Unused block "XLXI_11/XLXI_8/XLXI_40/XLXI_31/I_Q3" (SFF) removed.
Unused block "XLXI_11/XLXI_8/XLXI_40/XLXI_31/I_Q4" (SFF) removed.
Unused block "XLXI_11/XLXI_8/XLXI_40/XLXI_31/I_Q5" (SFF) removed.
Unused block "XLXI_11/XLXI_8/XLXI_40/XLXI_31/I_Q6" (SFF) removed.
Unused block "XLXI_11/XLXI_8/XLXI_40/XLXI_31/I_Q7" (SFF) removed.
Unused block "XLXI_11/XLXI_8/XLXI_40/XLXI_32/I_Q0" (SFF) removed.
Unused block "XLXI_11/XLXI_8/XLXI_40/XLXI_32/I_Q1" (SFF) removed.
Unused block "XLXI_11/XLXI_8/XLXI_40/XLXI_32/I_Q2" (SFF) removed.
Unused block "XLXI_11/XLXI_8/XLXI_40/XLXI_32/I_Q3" (SFF) removed.
Unused block "XLXI_11/XLXI_8/XLXI_40/XLXI_32/I_Q4" (SFF) removed.
Unused block "XLXI_11/XLXI_8/XLXI_40/XLXI_32/I_Q5" (SFF) removed.
Unused block "XLXI_11/XLXI_8/XLXI_40/XLXI_32/I_Q6" (SFF) removed.
Unused block "XLXI_11/XLXI_8/XLXI_40/XLXI_32/I_Q7" (SFF) removed.
Unused block "XLXI_11/XLXI_8/XLXI_40/XLXI_35/I_Q0" (SFF) removed.
Unused block "XLXI_11/XLXI_8/XLXI_40/XLXI_35/I_Q1" (SFF) removed.
Unused block "XLXI_11/XLXI_8/XLXI_40/XLXI_35/I_Q2" (SFF) removed.
Unused block "XLXI_11/XLXI_8/XLXI_40/XLXI_35/I_Q3" (SFF) removed.
Unused block "XLXI_11/XLXI_8/XLXI_40/XLXI_35/I_Q4" (SFF) removed.
Unused block "XLXI_11/XLXI_8/XLXI_40/XLXI_35/I_Q5" (SFF) removed.
Unused block "XLXI_11/XLXI_8/XLXI_40/XLXI_35/I_Q6" (SFF) removed.
Unused block "XLXI_11/XLXI_8/XLXI_40/XLXI_35/I_Q7" (SFF) removed.
Unused block "XLXI_11/XLXI_8/XLXI_9/I_Q0" (SFF) removed.
Unused block "XLXI_11/XLXI_8/XLXI_9/I_Q1" (SFF) removed.
Unused block "XLXI_11/XLXI_8/XLXI_9/I_Q2" (SFF) removed.
Unused block "XLXI_11/XLXI_8/XLXI_9/I_Q3" (SFF) removed.
Unused block "XLXI_11/XLXI_8/XLXI_9/I_Q4" (SFF) removed.
Unused block "XLXI_11/XLXI_8/XLXI_9/I_Q5" (SFF) removed.
Unused block "XLXI_11/XLXI_8/XLXI_9/I_Q6" (SFF) removed.
Unused block "XLXI_11/XLXI_8/XLXI_9/I_Q7" (SFF) removed.
Unused block "XLXI_11/XLXI_9/XLXI_34" (PULLUP) removed.
Unused block "XLXI_11/XLXI_9/XLXI_49/XLXI_2/XLXI_10/I_36_110" (AND) removed.
Unused block "XLXI_11/XLXI_9/XLXI_49/XLXI_2/XLXI_10/I_36_127" (AND) removed.
Unused block "XLXI_11/XLXI_9/XLXI_49/XLXI_2/XLXI_10/XST_GND" (ZERO) removed.
Unused block "XLXI_11/XLXI_9/XLXI_49/XLXI_2/XLXI_14/XST_GND" (ZERO) removed.
Unused block "XLXI_11/XLXI_9/XLXI_49/XLXI_2/XLXI_17/XST_GND" (ZERO) removed.
Unused block "XLXI_11/XLXI_9/XLXI_49/XLXI_2/XLXI_18/XST_GND" (ZERO) removed.
Unused block "XLXI_11/XLXI_9/XLXI_49/XLXI_2/XLXI_31/XST_GND" (ZERO) removed.
Unused block "XLXI_11/XLXI_9/XLXI_49/XLXI_2/XLXI_32/XST_GND" (ZERO) removed.
Unused block "XLXI_11/XLXI_9/XLXI_49/XLXI_2/XLXI_33/XST_GND" (ZERO) removed.
Unused block "XLXI_11/XLXI_9/XLXI_49/XLXI_2/XLXI_34/XST_GND" (ZERO) removed.
Unused block "XLXI_11/XLXI_9/XLXI_49/XLXI_2/XLXI_55/XST_GND" (ZERO) removed.
Unused block "XLXI_11/XLXI_9/XLXI_49/XLXI_2/XLXI_56/XST_GND" (ZERO) removed.
Unused block "XLXI_11/XLXI_9/XLXI_49/XLXI_2/XLXI_57/XST_GND" (ZERO) removed.
Unused block "XLXI_11/XLXI_9/XLXI_49/XLXI_2/XLXI_58/XST_GND" (ZERO) removed.
Unused block "XLXI_11/XLXI_9/XLXI_49/XLXI_2/XLXI_59/XST_GND" (ZERO) removed.
Unused block "XLXI_11/XLXI_9/XLXI_49/XLXI_2/XLXI_60/XST_GND" (ZERO) removed.
Unused block "XLXI_11/XLXI_9/XLXI_49/XLXI_2/XLXI_61/XST_GND" (ZERO) removed.
Unused block "XLXI_11/XLXI_9/XLXI_49/XLXI_2/XLXI_62/XST_GND" (ZERO) removed.
Unused block "XLXI_12/XLXI_1/XLXI_10/XST_GND" (ZERO) removed.
Unused block "XLXI_12/XLXI_2/XST_GND" (ZERO) removed.
Unused block "XLXI_12/XLXI_8/I_36_110" (OR) removed.
Unused block "XLXI_12/XLXI_8/I_36_127" (OR) removed.
Unused block "XLXI_12/XLXI_8/XST_GND" (ZERO) removed.
Unused block "XLXI_2/XLXI_1/I_36_36" (AND) removed.
Unused block "XLXI_2/XLXI_1/I_36_40" (AND) removed.
Unused block "XLXI_2/XLXI_1/I_36_46" (AND) removed.
Unused block "XLXI_2/XLXI_1/I_36_47" (AND) removed.
Unused block "XLXI_2/XLXI_1/I_36_52" (AND) removed.
Unused block "XLXI_2/XLXI_1/I_Q5/I_36_30/I_36_9" (AND) removed.
Unused block "XLXI_2/XLXI_1/I_Q6/I_36_30/I_36_9" (AND) removed.
Unused block "XLXI_2/XLXI_1/I_Q7/I_36_30/I_36_9" (AND) removed.
Unused block "XLXI_12/XLXI_1/XLXI_10/I_36_64" (MUX) removed.

Optimized Block(s):
TYPE 		BLOCK
PULLDOWN 		XLXI_1/XLXI_3
PULLDOWN 		XLXI_1/XLXI_4
PULLUP 		XLXI_11/XLXI_8/XLXI_34
BUF 		XLXI_12/XLXI_1/XLXI_25
AND2 		XLXI_12/XLXI_3
VCC 		XLXI_2/XLXI_1/I_36_38
AND2 		XLXI_2/XLXI_1/I_Q0/I_36_30/I_36_9
AND2 		XLXI_2/XLXI_1/I_Q1/I_36_30/I_36_9
AND2 		XLXI_2/XLXI_1/I_Q2/I_36_30/I_36_9
AND2 		XLXI_2/XLXI_1/I_Q3/I_36_30/I_36_9
AND2 		XLXI_2/XLXI_1/I_Q4/I_36_30/I_36_9
AND2B2 		XLXI_2/XLXI_1/I_T1/I_36_7
AND2B1 		XLXI_2/XLXI_1/I_T2/I_36_7
AND2B1 		XLXI_2/XLXI_1/I_T3/I_36_7
AND2B1 		XLXI_2/XLXI_1/I_T4/I_36_7
AND3B2 		XLXI_2/XLXI_100/XLXI_1/I_36_37
AND2B1 		XLXI_2/XLXI_100/XLXI_1/I_36_43
AND3B2 		XLXI_2/XLXI_100/XLXI_2/I_36_37
AND2B1 		XLXI_2/XLXI_100/XLXI_2/I_36_43
PULLUP 		XLXI_2/XLXI_100/XLXI_3
INV 		XLXI_2/XLXI_18/RST_inv1_INV_0
PULLDOWN 		XLXI_2/XLXI_19
PULLUP 		XLXI_2/XLXI_2
GND 		XST_GND
VCC 		XST_VCC

To enable printing of redundant blocks removed and signals merged, set the
detailed map report option and rerun map.

Section 6 - IOB Properties
--------------------------

+---------------------------------------------------------------------------------------------------------------------------------------------------------+
| IOB Name                           | Type             | Direction | IO Standard          | Diff  | Drive    | Slew | Reg (s)      | Resistor | IOB      |
|                                    |                  |           |                      | Term  | Strength | Rate |              |          | Delay    |
+---------------------------------------------------------------------------------------------------------------------------------------------------------+
| ADDU_On                            | IOB              | OUTPUT    | LVCMOS25             |       | 12       | SLOW |              |          | 0 / 0    |
| ADD_On                             | IOB              | OUTPUT    | LVCMOS25             |       | 12       | SLOW |              |          | 0 / 0    |
| A_reg_out<0>                       | IOB              | OUTPUT    | LVCMOS25             |       | 12       | SLOW |              |          | 0 / 0    |
| A_reg_out<1>                       | IOB              | OUTPUT    | LVCMOS25             |       | 12       | SLOW |              |          | 0 / 0    |
| A_reg_out<2>                       | IOB              | OUTPUT    | LVCMOS25             |       | 12       | SLOW |              |          | 0 / 0    |
| A_reg_out<3>                       | IOB              | OUTPUT    | LVCMOS25             |       | 12       | SLOW |              |          | 0 / 0    |
| A_reg_out<4>                       | IOB              | OUTPUT    | LVCMOS25             |       | 12       | SLOW |              |          | 0 / 0    |
| A_reg_out<5>                       | IOB              | OUTPUT    | LVCMOS25             |       | 12       | SLOW |              |          | 0 / 0    |
| A_reg_out<6>                       | IOB              | OUTPUT    | LVCMOS25             |       | 12       | SLOW |              |          | 0 / 0    |
| A_reg_out<7>                       | IOB              | OUTPUT    | LVCMOS25             |       | 12       | SLOW |              |          | 0 / 0    |
| B8_clk                             | IBUF             | INPUT     | LVCMOS25             |       |          |      |              |          | 0 / 0    |
| Data_Instr_mode                    | IBUF             | INPUT     | LVCMOS25             |       |          |      |              |          | 0 / 0    |
| HLT_On                             | IOB              | OUTPUT    | LVCMOS25             |       | 12       | SLOW |              |          | 0 / 0    |
| LDA_On                             | IOB              | OUTPUT    | LVCMOS25             |       | 12       | SLOW |              |          | 0 / 0    |
| PC<0>                              | IOB              | OUTPUT    | LVCMOS25             |       | 12       | SLOW |              |          | 0 / 0    |
| PC<1>                              | IOB              | OUTPUT    | LVCMOS25             |       | 12       | SLOW |              |          | 0 / 0    |
| PC<2>                              | IOB              | OUTPUT    | LVCMOS25             |       | 12       | SLOW |              |          | 0 / 0    |
| PC<3>                              | IOB              | OUTPUT    | LVCMOS25             |       | 12       | SLOW |              |          | 0 / 0    |
| PC<4>                              | IOB              | OUTPUT    | LVCMOS25             |       | 12       | SLOW |              |          | 0 / 0    |
| SBI_On                             | IOB              | OUTPUT    | LVCMOS25             |       | 12       | SLOW |              |          | 0 / 0    |
| SET_On                             | IOB              | OUTPUT    | LVCMOS25             |       | 12       | SLOW |              |          | 0 / 0    |
| SUBU_On                            | IOB              | OUTPUT    | LVCMOS25             |       | 12       | SLOW |              |          | 0 / 0    |
| SUB_On                             | IOB              | OUTPUT    | LVCMOS25             |       | 12       | SLOW |              |          | 0 / 0    |
| anode<0>                           | IOB              | OUTPUT    | LVCMOS25             |       | 12       | SLOW |              |          | 0 / 0    |
| anode<1>                           | IOB              | OUTPUT    | LVCMOS25             |       | 12       | SLOW |              |          | 0 / 0    |
| anode<2>                           | IOB              | OUTPUT    | LVCMOS25             |       | 12       | SLOW |              |          | 0 / 0    |
| anode<3>                           | IOB              | OUTPUT    | LVCMOS25             |       | 12       | SLOW |              |          | 0 / 0    |
| key_col<0>                         | IOB              | OUTPUT    | LVCMOS25             |       | 12       | SLOW |              |          | 0 / 0    |
| key_col<1>                         | IOB              | OUTPUT    | LVCMOS25             |       | 12       | SLOW |              |          | 0 / 0    |
| key_col<2>                         | IOB              | OUTPUT    | LVCMOS25             |       | 12       | SLOW |              |          | 0 / 0    |
| key_col<3>                         | IOB              | OUTPUT    | LVCMOS25             |       | 12       | SLOW |              |          | 0 / 0    |
| key_row<0>                         | IBUF             | INPUT     | LVCMOS25             |       |          |      |              | PULLDOWN | 0 / 0    |
| key_row<1>                         | IBUF             | INPUT     | LVCMOS25             |       |          |      |              | PULLDOWN | 0 / 0    |
| key_row<2>                         | IBUF             | INPUT     | LVCMOS25             |       |          |      |              | PULLDOWN | 0 / 0    |
| key_row<3>                         | IBUF             | INPUT     | LVCMOS25             |       |          |      |              | PULLDOWN | 0 / 0    |
| run_mode                           | IBUF             | INPUT     | LVCMOS25             |       |          |      |              |          | 0 / 0    |
| sseg<0>                            | IOB              | OUTPUT    | LVCMOS25             |       | 12       | SLOW |              |          | 0 / 0    |
| sseg<1>                            | IOB              | OUTPUT    | LVCMOS25             |       | 12       | SLOW |              |          | 0 / 0    |
| sseg<2>                            | IOB              | OUTPUT    | LVCMOS25             |       | 12       | SLOW |              |          | 0 / 0    |
| sseg<3>                            | IOB              | OUTPUT    | LVCMOS25             |       | 12       | SLOW |              |          | 0 / 0    |
| sseg<4>                            | IOB              | OUTPUT    | LVCMOS25             |       | 12       | SLOW |              |          | 0 / 0    |
| sseg<5>                            | IOB              | OUTPUT    | LVCMOS25             |       | 12       | SLOW |              |          | 0 / 0    |
| sseg<6>                            | IOB              | OUTPUT    | LVCMOS25             |       | 12       | SLOW |              |          | 0 / 0    |
| sseg<7>                            | IOB              | OUTPUT    | LVCMOS25             |       | 12       | SLOW |              |          | 0 / 0    |
| step                               | IBUF             | INPUT     | LVCMOS25             |       |          |      |              |          | 0 / 0    |
| toggle_clk_speed                   | IBUF             | INPUT     | LVCMOS25             |       |          |      |              |          | 0 / 0    |
+---------------------------------------------------------------------------------------------------------------------------------------------------------+

Section 7 - RPMs
----------------
XLXI_11/XLXI_9/XLXI_49/XLXI_2_XLXI_14_73
XLXI_11/XLXI_9/XLXI_49/XLXI_2_XLXI_32_77
XLXI_11/XLXI_9/XLXI_49/XLXI_2_XLXI_33_78
XLXI_11/XLXI_9/XLXI_49/XLXI_2_XLXI_55_80
XLXI_11/XLXI_9/XLXI_49/XLXI_2_XLXI_56_81
XLXI_11/XLXI_9/XLXI_49/XLXI_2_XLXI_57_82
XLXI_11/XLXI_9/XLXI_49/XLXI_2_XLXI_58_83
XLXI_11/XLXI_9/XLXI_49/XLXI_2_XLXI_59_84
XLXI_11/XLXI_9/XLXI_49/XLXI_2_XLXI_60_85
XLXI_11/XLXI_9/XLXI_49/XLXI_2_XLXI_61_86
XLXI_11/XLXI_9/XLXI_49/XLXI_2_XLXI_62_87
XLXI_12_XLXI_1_XLXI_10_99               
XLXI_12_XLXI_2_100                      
XLXI_2/XLXI_1/XLXI_1_I_Q0_53            
XLXI_2/XLXI_1/XLXI_1_I_Q1_52            
XLXI_2/XLXI_1/XLXI_1_I_Q2_51            
XLXI_2/XLXI_1/XLXI_1_I_Q3_50            
XLXI_2/XLXI_1/XLXI_1_I_Q4_49            
XLXI_2_XLXI_100_XLXI_1_43               
XLXI_2_XLXI_100_XLXI_2_44               

Section 8 - Guide Report
------------------------
Guide not run on this design.

Section 9 - Area Group and Partition Summary
--------------------------------------------

Partition Implementation Status
-------------------------------

  No Partitions were found in this design.

-------------------------------

Area Group Information
----------------------

  No area groups were found in this design.

----------------------

Section 10 - Timing Report
--------------------------
This design was not run using timing mode.

Section 11 - Configuration String Details
-----------------------------------------
Use the "-detail" map option to print out Configuration Strings

Section 12 - Control Set Information
------------------------------------
No control set information for this architecture.

Section 13 - Utilization by Hierarchy
-------------------------------------
Use the "-detail" map option to print out the Utilization by Hierarchy section.
